<?xml version="1.0" encoding="UTF-8"?>
<!-- Generated by org.testng.reporters.JUnitReportReporter -->
<testsuite hostname="DESKTOP-H43V1DC" failures="0" tests="1" name="testsSpecialistPages.SpecialistLoginLogout" time="2.695" errors="0" timestamp="2021-02-16T13:09:18 EET" skipped="0">
  <testcase classname="testsSpecialistPages.SpecialistLoginLogout" name="successfulSpecialistLoginAndLogout" time="2.695"/>
  <system-out/>
</testsuite> <!-- testsSpecialistPages.SpecialistLoginLogout -->
