<?xml version="1.0" encoding="UTF-8"?>
<!-- Generated by org.testng.reporters.JUnitReportReporter -->
<testsuite hostname="DESKTOP-H43V1DC" failures="0" tests="6" name="testsAdminPages.CreateAndDeleteNewUser" time="20.145" errors="0" timestamp="2021-03-09T19:57:56 EET" skipped="0">
  <testcase classname="testsAdminPages.CreateAndDeleteNewUser" name="successfullyCreateAndDeleteNewAdmin" time="3.960"/>
  <system-out/>
  <testcase classname="testsAdminPages.CreateAndDeleteNewUser" name="successfullyCreateAndDeleteNewAdmin" time="4.105"/>
  <system-out/>
  <testcase classname="testsAdminPages.CreateAndDeleteNewUser" name="successfullyCreateAndDeleteNewKindergartenSpecialist" time="2.576"/>
  <system-out/>
  <testcase classname="testsAdminPages.CreateAndDeleteNewUser" name="successfullyCreateAndDeleteNewKindergartenSpecialist" time="2.637"/>
  <system-out/>
  <testcase classname="testsAdminPages.CreateAndDeleteNewUser" name="successfullyCreateAndDeleteNewParent" time="3.374"/>
  <system-out/>
  <testcase classname="testsAdminPages.CreateAndDeleteNewUser" name="successfullyCreateAndDeleteNewParent" time="3.493"/>
  <system-out/>
</testsuite> <!-- testsAdminPages.CreateAndDeleteNewUser -->
