<?xml version="1.0" encoding="UTF-8"?>
<!-- Generated by org.testng.reporters.JUnitReportReporter -->
<testsuite hostname="DESKTOP-H43V1DC" failures="0" tests="1" name="smokeTests.CheckIfKindergartenSpecialistPagesWork" time="2.646" errors="0" timestamp="2021-03-17T13:38:10 EET" skipped="0">
  <testcase classname="smokeTests.CheckIfKindergartenSpecialistPagesWork" name="openAndAssertAllSpecialistPages" time="2.646"/>
  <system-out/>
</testsuite> <!-- smokeTests.CheckIfKindergartenSpecialistPagesWork -->
