<?xml version="1.0" encoding="UTF-8"?>
<!-- Generated by org.testng.reporters.JUnitReportReporter -->
<testsuite hostname="DESKTOP-H43V1DC" failures="0" tests="1" name="smokeTests.CheckIfAllAdminPagesWork" time="2.503" errors="0" timestamp="2021-03-16T12:53:26 EET" skipped="0">
  <testcase classname="smokeTests.CheckIfAllAdminPagesWork" name="openAndAssertAllAdminPages" time="2.503"/>
  <system-out/>
</testsuite> <!-- smokeTests.CheckIfAllAdminPagesWork -->
