<?xml version="1.0" encoding="UTF-8"?>
<!-- Generated by org.testng.reporters.JUnitReportReporter -->
<testsuite hostname="DESKTOP-H43V1DC" failures="0" tests="3" name="adminTests.CreateAndDeleteNewUser" time="12.711" errors="0" timestamp="2021-03-17T17:52:45 EET" skipped="0">
  <testcase classname="adminTests.CreateAndDeleteNewUser" name="successfullyCreateAndDeleteNewKindergartenSpecialist" time="4.062"/>
  <system-out/>
  <testcase classname="adminTests.CreateAndDeleteNewUser" name="successfullyCreateAndDeleteNewParent" time="4.458"/>
  <system-out/>
  <testcase classname="adminTests.CreateAndDeleteNewUser" name="successfullyCreateAndDeleteNewAdmin" time="4.191"/>
  <system-out/>
</testsuite> <!-- adminTests.CreateAndDeleteNewUser -->
