<?xml version="1.0" encoding="UTF-8"?>
<!-- Generated by org.testng.reporters.JUnitReportReporter -->
<testsuite hostname="DESKTOP-H43V1DC" failures="0" tests="2" name="testsSpecialistPages.CreateAndDeleteNewKindergarten" time="10.833" errors="0" timestamp="2021-03-09T19:57:56 EET" skipped="0">
  <testcase classname="testsSpecialistPages.CreateAndDeleteNewKindergarten" name="successfullyCreateUpdateDeleteNewKindergarten" time="5.524"/>
  <system-out/>
  <testcase classname="testsSpecialistPages.CreateAndDeleteNewKindergarten" name="successfullyCreateUpdateDeleteNewKindergarten" time="5.309"/>
  <system-out/>
</testsuite> <!-- testsSpecialistPages.CreateAndDeleteNewKindergarten -->
