<?xml version="1.0" encoding="UTF-8"?>
<!-- Generated by org.testng.reporters.JUnitReportReporter -->
<testsuite hostname="DESKTOP-H43V1DC" failures="0" tests="1" name="testsParentPages.ParentLoginLogout" time="3.830" errors="0" timestamp="2021-02-16T13:17:37 EET" skipped="0">
  <testcase classname="testsParentPages.ParentLoginLogout" name="successfulParentLoginAndLogout" time="3.830"/>
  <system-out/>
</testsuite> <!-- testsParentPages.ParentLoginLogout -->
