<?xml version="1.0" encoding="UTF-8"?>
<!-- Generated by org.testng.reporters.JUnitReportReporter -->
<testsuite hostname="DESKTOP-H43V1DC" failures="0" tests="1" name="testsAdminPages.CreateNewUserCOPY" time="4.211" errors="0" timestamp="2021-02-17T12:43:09 EET" skipped="0">
  <testcase classname="testsAdminPages.CreateNewUserCOPY" name="successfulNewAdminCreateAndDelete" time="4.211"/>
  <system-out/>
</testsuite> <!-- testsAdminPages.CreateNewUserCOPY -->
