<?xml version="1.0" encoding="UTF-8"?>
<!-- Generated by org.testng.reporters.JUnitReportReporter -->
<testsuite hostname="DESKTOP-H43V1DC" failures="0" tests="2" name="parentTests.SubmitNewApplication" time="17.994" errors="0" timestamp="2021-03-17T18:20:54 EET" skipped="0">
  <testcase classname="parentTests.SubmitNewApplication" name="successfullySubmitNewApplication" time="13.173"/>
  <system-out/>
  <testcase classname="parentTests.SubmitNewApplication" name="deleteApplication" time="4.821"/>
  <system-out/>
</testsuite> <!-- parentTests.SubmitNewApplication -->
