<?xml version="1.0" encoding="UTF-8"?>
<!-- Generated by org.testng.reporters.JUnitReportReporter -->
<testsuite hostname="DESKTOP-H43V1DC" failures="0" tests="1" name="testsParentPages.SubmitNewApplication" time="7.837" errors="0" timestamp="2021-03-11T09:44:53 EET" skipped="0">
  <testcase classname="testsParentPages.SubmitNewApplication" name="successfullyFillSubmitDeleteNewApplication" time="7.837"/>
  <system-out/>
</testsuite> <!-- testsParentPages.SubmitNewApplication -->
