<?xml version="1.0" encoding="UTF-8"?>
<!-- Generated by org.testng.reporters.JUnitReportReporter -->
<testsuite hostname="DESKTOP-H43V1DC" failures="0" tests="3" name="testsParentPages.UpdateParentDetails" time="11.307" errors="0" timestamp="2021-03-09T19:57:56 EET" skipped="0">
  <testcase classname="testsParentPages.UpdateParentDetails" name="successfullyChangeAdminDetails" time="3.447"/>
  <system-out/>
  <testcase classname="testsParentPages.UpdateParentDetails" name="successfullyChangeAdminPassword" time="3.362"/>
  <system-out/>
  <testcase classname="testsParentPages.UpdateParentDetails" name="successfullyResetAdminPasswordToOriginal" time="4.498"/>
  <system-out/>
</testsuite> <!-- testsParentPages.UpdateParentDetails -->
