<?xml version="1.0" encoding="UTF-8"?>
<!-- Generated by org.testng.reporters.JUnitReportReporter -->
<testsuite hostname="DESKTOP-H43V1DC" failures="0" tests="1" name="login.AdminLoginLogout" time="1.788" errors="0" timestamp="2021-03-17T17:52:45 EET" skipped="0">
  <testcase classname="login.AdminLoginLogout" name="unsuccessfulLogin" time="1.788"/>
  <system-out/>
</testsuite> <!-- login.AdminLoginLogout -->
