<?xml version="1.0" encoding="UTF-8"?>
<!-- Generated by org.testng.reporters.JUnitReportReporter -->
<testsuite hostname="DESKTOP-H43V1DC" failures="0" tests="3" name="testsAdminPages.UpdateUserDetailsAdmin" time="9.902" errors="0" timestamp="2021-03-05T08:47:38 EET" skipped="0">
  <testcase classname="testsAdminPages.UpdateUserDetailsAdmin" name="successfullyChangeAdminDetails" time="2.257"/>
  <system-out/>
  <testcase classname="testsAdminPages.UpdateUserDetailsAdmin" name="successfullyChangeAdminPassword" time="3.362"/>
  <system-out/>
  <testcase classname="testsAdminPages.UpdateUserDetailsAdmin" name="successfullyResetAdminPasswordToOriginal" time="4.283"/>
  <system-out/>
</testsuite> <!-- testsAdminPages.UpdateUserDetailsAdmin -->
