<?xml version="1.0" encoding="UTF-8"?>
<!-- Generated by org.testng.reporters.JUnitReportReporter -->
<testsuite hostname="DESKTOP-H43V1DC" failures="0" tests="3" name="parentTests.UpdateParentDetails" time="21.022" errors="0" timestamp="2021-03-17T17:52:45 EET" skipped="0">
  <testcase classname="parentTests.UpdateParentDetails" name="successfullyChangeParentDetails" time="6.638"/>
  <system-out/>
  <testcase classname="parentTests.UpdateParentDetails" name="successfullyChangeParentPassword" time="3.362"/>
  <system-out/>
  <testcase classname="parentTests.UpdateParentDetails" name="successfullyResetParentPasswordToOriginal" time="11.022"/>
  <system-out/>
</testsuite> <!-- parentTests.UpdateParentDetails -->
