<?xml version="1.0" encoding="UTF-8"?>
<!-- Generated by org.testng.reporters.JUnitReportReporter -->
<testsuite hostname="DESKTOP-H43V1DC" failures="0" tests="3" name="testsAdminPages.CreateNewUser" time="15.925" errors="0" timestamp="2021-02-21T14:30:40 EET" skipped="0">
  <testcase classname="testsAdminPages.CreateNewUser" name="successfullyCreateAndDeleteNewKindergartenSpecialist" time="4.326"/>
  <system-out/>
  <testcase classname="testsAdminPages.CreateNewUser" name="successfullyCreateAndDeleteNewParent" time="5.146"/>
  <system-out/>
  <testcase classname="testsAdminPages.CreateNewUser" name="successfullyCreateAndDeleteNewAdmin" time="6.453"/>
  <system-out/>
</testsuite> <!-- testsAdminPages.CreateNewUser -->
