<?xml version="1.0" encoding="UTF-8"?>
<!-- Generated by org.testng.reporters.JUnitReportReporter -->
<testsuite hostname="DESKTOP-H43V1DC" failures="0" tests="2" name="testsAdminPages.AdminLoginLogout" time="4.732" errors="0" timestamp="2021-02-21T12:46:40 EET" skipped="0">
  <testcase classname="testsAdminPages.AdminLoginLogout" name="successfulAdminLoginAndLogout" time="2.204"/>
  <system-out/>
  <testcase classname="testsAdminPages.AdminLoginLogout" name="unsuccessfulAdminLoginAndLogout" time="2.528"/>
  <system-out/>
</testsuite> <!-- testsAdminPages.AdminLoginLogout -->
